  homework2.cpp
C:\Users\rekal\OneDrive\Masaüstü\All Applications\CTIS151\CTIS164\Homework2\Homework2\Homework2\homework2.cpp(131,22): warning C4244: '=': conversion from 'double' to 'float', possible loss of data
C:\Users\rekal\OneDrive\Masaüstü\All Applications\CTIS151\CTIS164\Homework2\Homework2\Homework2\homework2.cpp(132,36): warning C4244: 'argument': conversion from 'double' to 'GLfloat', possible loss of data
C:\Users\rekal\OneDrive\Masaüstü\All Applications\CTIS151\CTIS164\Homework2\Homework2\Homework2\homework2.cpp(132,16): warning C4244: 'argument': conversion from 'double' to 'GLfloat', possible loss of data
C:\Users\rekal\OneDrive\Masaüstü\All Applications\CTIS151\CTIS164\Homework2\Homework2\Homework2\homework2.cpp(146,22): warning C4244: '=': conversion from 'double' to 'float', possible loss of data
C:\Users\rekal\OneDrive\Masaüstü\All Applications\CTIS151\CTIS164\Homework2\Homework2\Homework2\homework2.cpp(147,36): warning C4244: 'argument': conversion from 'double' to 'GLfloat', possible loss of data
C:\Users\rekal\OneDrive\Masaüstü\All Applications\CTIS151\CTIS164\Homework2\Homework2\Homework2\homework2.cpp(147,16): warning C4244: 'argument': conversion from 'double' to 'GLfloat', possible loss of data
C:\Users\rekal\OneDrive\Masaüstü\All Applications\CTIS151\CTIS164\Homework2\Homework2\Homework2\homework2.cpp(158,19): warning C4244: 'argument': conversion from 'int' to 'GLfloat', possible loss of data
C:\Users\rekal\OneDrive\Masaüstü\All Applications\CTIS151\CTIS164\Homework2\Homework2\Homework2\homework2.cpp(158,16): warning C4244: 'argument': conversion from 'int' to 'GLfloat', possible loss of data
C:\Users\rekal\OneDrive\Masaüstü\All Applications\CTIS151\CTIS164\Homework2\Homework2\Homework2\homework2.cpp(177,19): warning C4244: 'argument': conversion from 'int' to 'GLfloat', possible loss of data
C:\Users\rekal\OneDrive\Masaüstü\All Applications\CTIS151\CTIS164\Homework2\Homework2\Homework2\homework2.cpp(177,16): warning C4244: 'argument': conversion from 'int' to 'GLfloat', possible loss of data
C:\Users\rekal\OneDrive\Masaüstü\All Applications\CTIS151\CTIS164\Homework2\Homework2\Homework2\homework2.cpp(193,18): warning C4244: 'argument': conversion from 'int' to 'GLfloat', possible loss of data
C:\Users\rekal\OneDrive\Masaüstü\All Applications\CTIS151\CTIS164\Homework2\Homework2\Homework2\homework2.cpp(193,15): warning C4244: 'argument': conversion from 'int' to 'GLfloat', possible loss of data
C:\Users\rekal\OneDrive\Masaüstü\All Applications\CTIS151\CTIS164\Homework2\Homework2\Homework2\homework2.cpp(213,28): warning C4244: '=': conversion from 'double' to 'float', possible loss of data
C:\Users\rekal\OneDrive\Masaüstü\All Applications\CTIS151\CTIS164\Homework2\Homework2\Homework2\homework2.cpp(214,10): warning C4244: '=': conversion from 'double' to 'float', possible loss of data
C:\Users\rekal\OneDrive\Masaüstü\All Applications\CTIS151\CTIS164\Homework2\Homework2\Homework2\homework2.cpp(215,10): warning C4244: '=': conversion from 'double' to 'float', possible loss of data
C:\Users\rekal\OneDrive\Masaüstü\All Applications\CTIS151\CTIS164\Homework2\Homework2\Homework2\homework2.cpp(216,33): warning C4244: '=': conversion from 'double' to 'float', possible loss of data
C:\Users\rekal\OneDrive\Masaüstü\All Applications\CTIS151\CTIS164\Homework2\Homework2\Homework2\homework2.cpp(217,10): warning C4244: '=': conversion from 'double' to 'float', possible loss of data
C:\Users\rekal\OneDrive\Masaüstü\All Applications\CTIS151\CTIS164\Homework2\Homework2\Homework2\homework2.cpp(218,10): warning C4244: '=': conversion from 'double' to 'float', possible loss of data
C:\Users\rekal\OneDrive\Masaüstü\All Applications\CTIS151\CTIS164\Homework2\Homework2\Homework2\homework2.cpp(256,16): warning C4244: 'argument': conversion from 'int' to 'GLfloat', possible loss of data
C:\Users\rekal\OneDrive\Masaüstü\All Applications\CTIS151\CTIS164\Homework2\Homework2\Homework2\homework2.cpp(256,13): warning C4244: 'argument': conversion from 'int' to 'GLfloat', possible loss of data
C:\Users\rekal\OneDrive\Masaüstü\All Applications\CTIS151\CTIS164\Homework2\Homework2\Homework2\homework2.cpp(257,17): warning C4244: 'argument': conversion from 'int' to 'GLfloat', possible loss of data
C:\Users\rekal\OneDrive\Masaüstü\All Applications\CTIS151\CTIS164\Homework2\Homework2\Homework2\homework2.cpp(257,13): warning C4244: 'argument': conversion from 'int' to 'GLfloat', possible loss of data
C:\Users\rekal\OneDrive\Masaüstü\All Applications\CTIS151\CTIS164\Homework2\Homework2\Homework2\homework2.cpp(258,17): warning C4244: 'argument': conversion from 'int' to 'GLfloat', possible loss of data
C:\Users\rekal\OneDrive\Masaüstü\All Applications\CTIS151\CTIS164\Homework2\Homework2\Homework2\homework2.cpp(258,13): warning C4244: 'argument': conversion from 'int' to 'GLfloat', possible loss of data
C:\Users\rekal\OneDrive\Masaüstü\All Applications\CTIS151\CTIS164\Homework2\Homework2\Homework2\homework2.cpp(284,34): warning C4244: 'argument': conversion from 'int' to 'GLfloat', possible loss of data
C:\Users\rekal\OneDrive\Masaüstü\All Applications\CTIS151\CTIS164\Homework2\Homework2\Homework2\homework2.cpp(284,22): warning C4244: 'argument': conversion from 'int' to 'GLfloat', possible loss of data
C:\Users\rekal\OneDrive\Masaüstü\All Applications\CTIS151\CTIS164\Homework2\Homework2\Homework2\homework2.cpp(301,14): warning C4244: 'initializing': conversion from 'double' to 'float', possible loss of data
C:\Users\rekal\OneDrive\Masaüstü\All Applications\CTIS151\CTIS164\Homework2\Homework2\Homework2\homework2.cpp(303,15): warning C4244: 'initializing': conversion from 'double' to 'float', possible loss of data
C:\Users\rekal\OneDrive\Masaüstü\All Applications\CTIS151\CTIS164\Homework2\Homework2\Homework2\homework2.cpp(304,16): warning C4244: 'initializing': conversion from 'double' to 'float', possible loss of data
C:\Users\rekal\OneDrive\Masaüstü\All Applications\CTIS151\CTIS164\Homework2\Homework2\Homework2\homework2.cpp(306,14): warning C4244: 'initializing': conversion from 'double' to 'float', possible loss of data
C:\Users\rekal\OneDrive\Masaüstü\All Applications\CTIS151\CTIS164\Homework2\Homework2\Homework2\homework2.cpp(366,14): warning C4244: 'initializing': conversion from 'double' to 'float', possible loss of data
C:\Users\rekal\OneDrive\Masaüstü\All Applications\CTIS151\CTIS164\Homework2\Homework2\Homework2\homework2.cpp(368,15): warning C4244: 'initializing': conversion from 'double' to 'float', possible loss of data
C:\Users\rekal\OneDrive\Masaüstü\All Applications\CTIS151\CTIS164\Homework2\Homework2\Homework2\homework2.cpp(369,16): warning C4244: 'initializing': conversion from 'double' to 'float', possible loss of data
C:\Users\rekal\OneDrive\Masaüstü\All Applications\CTIS151\CTIS164\Homework2\Homework2\Homework2\homework2.cpp(371,14): warning C4244: 'initializing': conversion from 'double' to 'float', possible loss of data
C:\Users\rekal\OneDrive\Masaüstü\All Applications\CTIS151\CTIS164\Homework2\Homework2\Homework2\homework2.cpp(450,53): warning C4244: 'argument': conversion from 'int' to 'GLfloat', possible loss of data
C:\Users\rekal\OneDrive\Masaüstü\All Applications\CTIS151\CTIS164\Homework2\Homework2\Homework2\homework2.cpp(450,40): warning C4244: 'argument': conversion from 'int' to 'GLfloat', possible loss of data
C:\Users\rekal\OneDrive\Masaüstü\All Applications\CTIS151\CTIS164\Homework2\Homework2\Homework2\homework2.cpp(450,29): warning C4244: 'argument': conversion from 'int' to 'GLfloat', possible loss of data
C:\Users\rekal\OneDrive\Masaüstü\All Applications\CTIS151\CTIS164\Homework2\Homework2\Homework2\homework2.cpp(450,16): warning C4244: 'argument': conversion from 'int' to 'GLfloat', possible loss of data
C:\Users\rekal\OneDrive\Masaüstü\All Applications\CTIS151\CTIS164\Homework2\Homework2\Homework2\homework2.cpp(454,54): warning C4244: 'argument': conversion from 'int' to 'GLfloat', possible loss of data
C:\Users\rekal\OneDrive\Masaüstü\All Applications\CTIS151\CTIS164\Homework2\Homework2\Homework2\homework2.cpp(454,41): warning C4244: 'argument': conversion from 'int' to 'GLfloat', possible loss of data
C:\Users\rekal\OneDrive\Masaüstü\All Applications\CTIS151\CTIS164\Homework2\Homework2\Homework2\homework2.cpp(454,29): warning C4244: 'argument': conversion from 'int' to 'GLfloat', possible loss of data
C:\Users\rekal\OneDrive\Masaüstü\All Applications\CTIS151\CTIS164\Homework2\Homework2\Homework2\homework2.cpp(454,16): warning C4244: 'argument': conversion from 'int' to 'GLfloat', possible loss of data
C:\Users\rekal\OneDrive\Masaüstü\All Applications\CTIS151\CTIS164\Homework2\Homework2\Homework2\homework2.cpp(458,54): warning C4244: 'argument': conversion from 'int' to 'GLfloat', possible loss of data
C:\Users\rekal\OneDrive\Masaüstü\All Applications\CTIS151\CTIS164\Homework2\Homework2\Homework2\homework2.cpp(458,41): warning C4244: 'argument': conversion from 'int' to 'GLfloat', possible loss of data
C:\Users\rekal\OneDrive\Masaüstü\All Applications\CTIS151\CTIS164\Homework2\Homework2\Homework2\homework2.cpp(458,29): warning C4244: 'argument': conversion from 'int' to 'GLfloat', possible loss of data
C:\Users\rekal\OneDrive\Masaüstü\All Applications\CTIS151\CTIS164\Homework2\Homework2\Homework2\homework2.cpp(458,16): warning C4244: 'argument': conversion from 'int' to 'GLfloat', possible loss of data
C:\Users\rekal\OneDrive\Masaüstü\All Applications\CTIS151\CTIS164\Homework2\Homework2\Homework2\homework2.cpp(462,54): warning C4244: 'argument': conversion from 'int' to 'GLfloat', possible loss of data
C:\Users\rekal\OneDrive\Masaüstü\All Applications\CTIS151\CTIS164\Homework2\Homework2\Homework2\homework2.cpp(462,41): warning C4244: 'argument': conversion from 'int' to 'GLfloat', possible loss of data
C:\Users\rekal\OneDrive\Masaüstü\All Applications\CTIS151\CTIS164\Homework2\Homework2\Homework2\homework2.cpp(462,29): warning C4244: 'argument': conversion from 'int' to 'GLfloat', possible loss of data
C:\Users\rekal\OneDrive\Masaüstü\All Applications\CTIS151\CTIS164\Homework2\Homework2\Homework2\homework2.cpp(462,16): warning C4244: 'argument': conversion from 'int' to 'GLfloat', possible loss of data
C:\Users\rekal\OneDrive\Masaüstü\All Applications\CTIS151\CTIS164\Homework2\Homework2\Homework2\homework2.cpp(466,54): warning C4244: 'argument': conversion from 'int' to 'GLfloat', possible loss of data
C:\Users\rekal\OneDrive\Masaüstü\All Applications\CTIS151\CTIS164\Homework2\Homework2\Homework2\homework2.cpp(466,41): warning C4244: 'argument': conversion from 'int' to 'GLfloat', possible loss of data
C:\Users\rekal\OneDrive\Masaüstü\All Applications\CTIS151\CTIS164\Homework2\Homework2\Homework2\homework2.cpp(466,29): warning C4244: 'argument': conversion from 'int' to 'GLfloat', possible loss of data
C:\Users\rekal\OneDrive\Masaüstü\All Applications\CTIS151\CTIS164\Homework2\Homework2\Homework2\homework2.cpp(466,16): warning C4244: 'argument': conversion from 'int' to 'GLfloat', possible loss of data
C:\Users\rekal\OneDrive\Masaüstü\All Applications\CTIS151\CTIS164\Homework2\Homework2\Homework2\homework2.cpp(506,48): warning C4244: 'argument': conversion from 'int' to 'float', possible loss of data
C:\Users\rekal\OneDrive\Masaüstü\All Applications\CTIS151\CTIS164\Homework2\Homework2\Homework2\homework2.cpp(506,37): warning C4244: 'argument': conversion from 'int' to 'float', possible loss of data
C:\Users\rekal\OneDrive\Masaüstü\All Applications\CTIS151\CTIS164\Homework2\Homework2\Homework2\homework2.cpp(506,24): warning C4244: 'argument': conversion from 'int' to 'float', possible loss of data
C:\Users\rekal\OneDrive\Masaüstü\All Applications\CTIS151\CTIS164\Homework2\Homework2\Homework2\homework2.cpp(518,51): warning C4244: 'argument': conversion from 'int' to 'float', possible loss of data
C:\Users\rekal\OneDrive\Masaüstü\All Applications\CTIS151\CTIS164\Homework2\Homework2\Homework2\homework2.cpp(518,39): warning C4244: 'argument': conversion from 'int' to 'float', possible loss of data
C:\Users\rekal\OneDrive\Masaüstü\All Applications\CTIS151\CTIS164\Homework2\Homework2\Homework2\homework2.cpp(518,26): warning C4244: 'argument': conversion from 'int' to 'float', possible loss of data
C:\Users\rekal\OneDrive\Masaüstü\All Applications\CTIS151\CTIS164\Homework2\Homework2\Homework2\homework2.cpp(530,46): warning C4244: 'argument': conversion from 'int' to 'float', possible loss of data
C:\Users\rekal\OneDrive\Masaüstü\All Applications\CTIS151\CTIS164\Homework2\Homework2\Homework2\homework2.cpp(530,33): warning C4244: 'argument': conversion from 'int' to 'float', possible loss of data
C:\Users\rekal\OneDrive\Masaüstü\All Applications\CTIS151\CTIS164\Homework2\Homework2\Homework2\homework2.cpp(530,26): warning C4244: 'argument': conversion from 'int' to 'float', possible loss of data
C:\Users\rekal\OneDrive\Masaüstü\All Applications\CTIS151\CTIS164\Homework2\Homework2\Homework2\homework2.cpp(821,18): warning C4305: '-=': truncation from 'double' to 'float'
C:\Users\rekal\OneDrive\Masaüstü\All Applications\CTIS151\CTIS164\Homework2\Homework2\Homework2\homework2.cpp(862,14): warning C4553: '==': result of expression not used; did you intend '='?
C:\Users\rekal\OneDrive\Masaüstü\All Applications\CTIS151\CTIS164\Homework2\Homework2\Homework2\homework2.cpp(880,17): warning C4553: '==': result of expression not used; did you intend '='?
C:\Users\rekal\OneDrive\Masaüstü\All Applications\CTIS151\CTIS164\Homework2\Homework2\Homework2\homework2.cpp(899,16): warning C4553: '==': result of expression not used; did you intend '='?
C:\Users\rekal\OneDrive\Masaüstü\All Applications\CTIS151\CTIS164\Homework2\Homework2\Homework2\homework2.cpp(922,35): warning C4326: return type of 'main' should be 'int' instead of 'void'
C:\Users\rekal\OneDrive\Masaüstü\All Applications\CTIS151\CTIS164\Homework2\Homework2\Homework2\homework2.cpp(928,12): warning C4244: 'argument': conversion from 'time_t' to 'unsigned int', possible loss of data
  Homework2.vcxproj -> C:\Users\rekal\OneDrive\Masaüstü\All Applications\CTIS151\CTIS164\Homework2\Homework2\Debug\Homework2.exe
